2025-03-15 09:34:16 [INFO] Environment variables:
2025-03-15 09:34:16 [INFO] MONGO_URI:
2025-03-15 09:34:16 [INFO] Server running on port 5000
2025-03-15 09:34:19 [INFO] Connected to MongoDB
2025-03-15 09:35:39 [INFO] Environment variables:
2025-03-15 09:35:39 [INFO] MONGO_URI:
2025-03-15 09:35:39 [INFO] Server running on port 5001
2025-03-15 09:35:42 [INFO] Connected to MongoDB
2025-03-15 09:36:26 [INFO] Environment variables:
2025-03-15 09:36:26 [INFO] MONGO_URI:
2025-03-15 09:36:26 [INFO] Server running on port 5001
2025-03-15 09:36:29 [INFO] Connected to MongoDB
2025-03-15 10:15:59 [INFO] Environment variables:
2025-03-15 10:15:59 [INFO] MONGO_URI:
2025-03-15 10:15:59 [INFO] Server running on port 5001
2025-03-15 10:16:02 [INFO] Connected to MongoDB
2025-03-15 11:49:41 [INFO] Environment variables:
2025-03-15 11:49:41 [INFO] MONGO_URI:
2025-03-15 11:49:41 [INFO] Server running on port 5001
2025-03-15 11:49:45 [INFO] Connected to MongoDB
2025-03-15 12:52:03 [INFO] Environment variables:
2025-03-15 12:52:03 [INFO] MONGO_URI:
2025-03-15 12:52:03 [INFO] Server running on port 5001
2025-03-15 12:52:11 [INFO] Connected to MongoDB
2025-03-15 12:57:46 [INFO] Shutting down server...
2025-03-15 13:01:23 [INFO] Environment variables:
2025-03-15 13:01:23 [INFO] MONGO_URI:
2025-03-15 13:01:23 [INFO] Server running on port 5001
2025-03-15 13:01:30 [INFO] Connected to MongoDB
2025-03-15 13:31:53 [INFO] Shutting down server...
2025-03-15 13:36:08 [INFO] Environment variables:
2025-03-15 13:36:08 [INFO] MONGO_URI:
2025-03-15 13:36:09 [INFO] Server running on port 5001
2025-03-15 13:36:13 [INFO] Connected to MongoDB
2025-03-16 11:29:58 [INFO] Shutting down server...
2025-03-16 11:47:35 [INFO] Environment variables:
2025-03-16 11:47:35 [INFO] MONGO_URI:
2025-03-16 11:47:36 [INFO] Server running on port 5001
2025-03-16 11:47:37 [ERROR] MongoDB connection error: connect ETIMEDOUT 15.185.77.178:27017, connect ENETUNREACH 64:ff9b::fb9:4db2:27017
2025-03-16 11:59:02 [INFO] Environment variables:
2025-03-16 11:59:02 [INFO] MONGO_URI:
2025-03-16 11:59:02 [INFO] Server running on port 5001
2025-03-16 11:59:07 [INFO] Connected to MongoDB
2025-03-16 12:05:08 [INFO] MONGO_URI:
2025-03-16 12:05:09 [INFO] Server running on port 5001
2025-03-16 12:05:12 [INFO] Connected to MongoDB
2025-03-16 13:14:20 [INFO] Shutting down server...
2025-03-16 13:20:48 [INFO] MONGO_URI:
2025-03-16 13:20:48 [INFO] Server running on port 5001
2025-03-16 13:20:51 [INFO] Connected to MongoDB
2025-03-17 08:47:41 [INFO] MONGO_URI:
2025-03-17 08:47:42 [INFO] Server running on port 5002
2025-03-17 08:47:47 [INFO] Connected to MongoDB
2025-03-17 11:23:31 [INFO] MONGO_URI:
2025-03-17 11:23:31 [INFO] Server running on port 5001
2025-03-17 11:23:37 [INFO] Connected to MongoDB
2025-03-18 09:09:27 [INFO] MONGO_URI:
2025-03-18 09:09:28 [INFO] Server running on port 5001
2025-03-18 09:09:32 [INFO] Connected to MongoDB
2025-03-18 09:52:36 [INFO] Shutting down server...
2025-03-18 10:06:15 [INFO] MONGO_URI:
2025-03-18 10:06:15 [INFO] Server running on port 5001
2025-03-18 10:06:19 [INFO] Connected to MongoDB
2025-03-18 10:07:57 [INFO] Registration attempt received:
2025-03-18 10:41:40 [INFO] Login attempt received:
2025-03-18 10:43:17 [INFO] Registration attempt received:
2025-03-18 10:53:59 [INFO] Login attempt received:
2025-03-18 10:54:49 [INFO] Login attempt received:
2025-03-18 10:55:20 [INFO] Login attempt received:
2025-03-18 10:55:26 [INFO] Login attempt received:
2025-03-18 10:56:01 [INFO] Registration attempt received:
2025-03-18 10:56:21 [INFO] Registration attempt received:
2025-03-18 11:22:27 [INFO] Login attempt received:
2025-03-18 11:23:55 [INFO] Registration attempt received:
2025-03-18 12:04:39 [INFO] Login attempt received:
2025-03-18 12:05:52 [INFO] Registration attempt received:
2025-03-18 12:06:52 [INFO] Registration attempt received:
2025-03-18 12:08:10 [INFO] Shutting down server...
2025-03-18 12:08:31 [INFO] MONGO_URI:
2025-03-18 12:08:32 [INFO] Server running on port 5001
2025-03-18 12:08:37 [INFO] Connected to MongoDB
2025-03-19 14:00:47 [INFO] Shutting down server...
2025-03-19 14:32:20 [INFO] MONGO_URI:
2025-03-19 14:32:21 [INFO] Server running on port 5001
2025-03-19 14:32:24 [INFO] Connected to MongoDB
2025-03-19 14:32:40 [INFO] Registration attempt received:
2025-03-19 14:44:18 [INFO] Shutting down server...
2025-03-19 21:42:54 [INFO] MONGO_URI:
2025-03-19 21:42:54 [INFO] Server running on port 5001
2025-03-19 21:42:57 [INFO] Connected to MongoDB
2025-03-19 22:22:34 [INFO] Registration attempt received:
2025-03-20 08:47:39 [INFO] Registration attempt received:
2025-03-20 09:27:32 [INFO] Registration attempt received:
2025-03-20 10:00:35 [INFO] Registration attempt received:
2025-03-20 10:24:10 [INFO] Registration attempt received:
2025-03-21 09:33:00 [INFO] Registration attempt received:
2025-03-21 09:33:11 [INFO] Registration attempt received:
2025-03-21 09:37:54 [INFO] Shutting down server...
2025-03-22 13:12:49 [INFO] MONGO_URI:
2025-03-22 13:12:50 [INFO] Server running on port 5001
2025-03-22 13:12:52 [INFO] Connected to MongoDB
2025-03-22 13:23:17 [INFO] Shutting down server...
2025-03-22 13:24:07 [INFO] MONGO_URI:
2025-03-22 13:24:07 [INFO] Server running on port 5001
2025-03-22 13:24:10 [INFO] Connected to MongoDB
2025-03-22 13:45:31 [INFO] Registration attempt received:
2025-03-22 13:49:09 [INFO] New shipment created: CMPR-40353978-978
2025-03-23 13:08:11 [INFO] MONGO_URI:
2025-03-23 13:08:12 [INFO] Server running on port 5001
2025-03-23 13:08:16 [INFO] Connected to MongoDB
2025-03-23 13:19:22 [INFO] Registration attempt received:
2025-03-23 15:08:29 [INFO] MONGO_URI:
2025-03-23 15:08:29 [INFO] Server running on port 5001
2025-03-23 15:08:34 [INFO] Connected to MongoDB
2025-03-23 15:16:16 [INFO] Registration attempt received:
2025-03-24 07:23:31 [INFO] MONGO_URI:
2025-03-24 07:23:32 [INFO] Server running on port 5001
2025-03-24 07:23:35 [INFO] Connected to MongoDB
2025-03-24 07:30:19 [INFO] Registration attempt received:
2025-03-24 07:30:36 [INFO] Registration attempt received:
2025-03-24 09:37:17 [INFO] Shutting down server...
2025-03-24 09:37:25 [INFO] MONGO_URI:
2025-03-24 09:37:25 [INFO] Server running on port 5001
2025-03-24 09:37:36 [INFO] Connected to MongoDB
2025-03-24 09:41:02 [INFO] Registration attempt received:
2025-03-24 09:59:30 [INFO] Registration attempt received:
2025-03-24 13:04:06 [INFO] Registration attempt received:
2025-03-24 14:40:20 [INFO] Registration attempt received:
2025-03-24 15:19:29 [INFO] Registration attempt received:
2025-03-24 15:25:13 [INFO] New shipment created: CMPR-19050498-498
2025-03-25 08:56:45 [INFO] Registration attempt received:
2025-03-25 09:07:46 [INFO] MONGO_URI:
2025-03-25 09:07:46 [INFO] Server running on port 5001
2025-03-25 09:07:54 [INFO] Connected to MongoDB
2025-03-25 09:10:43 [INFO] Registration attempt received:
2025-03-25 09:26:26 [INFO] Registration attempt received:
2025-03-25 11:06:00 [INFO] Registration attempt received:
2025-03-25 11:25:32 [INFO] Shutting down server...
2025-03-25 11:25:44 [INFO] MONGO_URI:
2025-03-25 11:25:44 [INFO] Server running on port 5001
2025-03-25 11:25:49 [INFO] Connected to MongoDB
2025-03-25 11:27:47 [INFO] Registration attempt received:
2025-03-25 11:28:34 [INFO] Registration attempt received:
2025-03-25 11:28:37 [INFO] Fetched 1 shipments
2025-03-25 11:28:37 [INFO] Fetched 1 shipments
2025-03-25 11:28:37 [INFO] Fetched 1 recent shipments
2025-03-25 11:30:32 [INFO] New shipment created: CMPR-91354101-101
2025-03-25 11:31:12 [INFO] Fetched 2 shipments
2025-03-25 11:31:25 [INFO] Fetched 2 shipments
2025-03-25 11:32:47 [INFO] Fetched 2 shipments
2025-03-25 11:35:50 [INFO] Fetched 2 shipments
2025-03-25 11:36:08 [INFO] Fetched 2 shipments
2025-03-25 11:36:23 [INFO] Fetched 2 shipments
2025-03-25 11:38:24 [INFO] Fetched 2 shipments
2025-03-25 12:26:16 [INFO] Registration attempt received:
2025-03-25 12:26:17 [INFO] Fetched 2 shipments
2025-03-25 12:26:17 [INFO] Fetched 2 shipments
2025-03-25 12:26:18 [INFO] Fetched 2 recent shipments
2025-03-25 12:26:26 [INFO] Fetched 2 shipments
2025-03-25 14:03:20 [INFO] Registration attempt received:
2025-03-25 14:03:23 [INFO] Fetched 2 shipments
2025-03-25 14:03:24 [INFO] Fetched 2 shipments
2025-03-25 14:03:24 [INFO] Fetched 2 recent shipments
2025-03-25 14:03:33 [INFO] Fetched 2 shipments
2025-03-25 14:03:39 [INFO] Fetched 2 shipments
2025-03-25 14:08:03 [INFO] New shipment created: CMPR-00833029-029
2025-03-25 14:08:05 [INFO] Fetched 3 shipments
2025-03-25 14:08:12 [INFO] Fetched 3 shipments
2025-03-25 14:13:17 [INFO] Fetched 3 shipments
2025-03-25 14:25:59 [INFO] Registration attempt received:
2025-03-25 14:26:00 [INFO] Fetched 3 shipments
2025-03-25 14:26:01 [INFO] Fetched 3 shipments
2025-03-25 14:26:01 [INFO] Fetched 3 recent shipments
2025-03-25 14:26:08 [INFO] Fetched 3 shipments
2025-03-25 14:27:19 [WARN] Shipment not found for deletion: 67e28e92b8d08d0a5ac9b928
2025-03-25 14:54:50 [INFO] Shutting down server...
2025-03-25 14:54:58 [INFO] MONGO_URI:
2025-03-25 14:54:58 [INFO] Server running on port 5001
2025-03-25 14:55:02 [INFO] Connected to MongoDB
2025-03-25 15:30:48 [INFO] Registration attempt received:
2025-03-25 15:30:53 [INFO] Fetched 3 shipments
2025-03-25 15:30:53 [INFO] Fetched 3 shipments
2025-03-25 15:31:39 [INFO] Fetched 3 shipments
2025-03-25 16:07:42 [INFO] Registration attempt received:
2025-03-25 16:07:46 [INFO] Fetched 3 shipments
2025-03-25 16:07:46 [INFO] Fetched 3 shipments
2025-03-25 16:07:46 [INFO] Fetched 3 recent shipments
2025-03-25 16:16:34 [INFO] Registration attempt received:
2025-03-25 16:16:36 [INFO] Fetched 3 shipments
2025-03-25 16:16:37 [INFO] Fetched 3 shipments
2025-03-25 16:16:37 [INFO] Fetched 3 recent shipments
2025-03-25 16:37:05 [INFO] Registration attempt received:
2025-03-25 16:37:07 [INFO] Fetched 3 shipments
2025-03-25 16:37:07 [INFO] Fetched 3 shipments
2025-03-25 16:37:07 [INFO] Fetched 3 recent shipments
2025-03-25 16:37:30 [INFO] Fetched 3 shipments
2025-03-25 16:37:53 [INFO] Fetched 3 shipments
2025-03-25 16:38:05 [WARN] Shipment not found for deletion: 67e14f289e83fec30339172e
2025-03-26 09:03:57 [INFO] Shutting down server...
2025-03-26 09:04:04 [INFO] MONGO_URI:
2025-03-26 09:04:04 [INFO] Server running on port 5001
2025-03-26 09:04:11 [INFO] Connected to MongoDB
2025-03-26 09:07:17 [INFO] Registration attempt received:
2025-03-26 09:07:21 [INFO] Fetched 3 shipments
2025-03-26 09:07:21 [INFO] Fetched 3 shipments
2025-03-26 09:07:21 [INFO] Fetched 3 recent shipments
2025-03-26 09:08:45 [WARN] Shipment not found for deletion: 67e28e92b8d08d0a5ac9b928
2025-03-26 09:09:04 [INFO] Fetched 3 shipments
2025-03-26 09:12:37 [INFO] Fetched 3 shipments
2025-03-26 10:11:02 [INFO] Shutting down server...
2025-03-26 10:50:10 [INFO] MONGO_URI:
2025-03-26 10:50:10 [INFO] Server running on port 5001
2025-03-26 10:50:15 [INFO] Connected to MongoDB
2025-03-26 10:57:22 [INFO] Shutting down server...
2025-03-26 10:59:00 [INFO] MONGO_URI:
2025-03-26 10:59:00 [INFO] Server running on port 5001
2025-03-26 10:59:05 [INFO] Connected to MongoDB
2025-03-26 13:51:33 [INFO] Registration attempt received:
2025-03-26 14:03:26 [INFO] Shutting down server...
2025-03-26 14:03:35 [INFO] MONGO_URI:
2025-03-26 14:03:35 [INFO] Server running on port 5001
2025-03-26 14:03:40 [INFO] Connected to MongoDB
2025-03-26 14:05:50 [INFO] Registration attempt received:
2025-03-26 14:06:35 [ERROR] Error creating shipment: Shipment validation failed: senderContact: Path `senderContact` is required., senderName: Path `senderName` is required., carrier: Path `carrier` is required., shipmentType: Path `shipmentType` is required., expectedDeliveryDate: Path `expectedDeliveryDate` is required., dimensions: Path `dimensions` is required., weight: Path `weight` is required., destination: Path `destination` is required., origin: Path `origin` is required.
2025-03-26 14:06:42 [ERROR] Error creating shipment: Shipment validation failed: senderContact: Path `senderContact` is required., senderName: Path `senderName` is required., carrier: Path `carrier` is required., shipmentType: Path `shipmentType` is required., expectedDeliveryDate: Path `expectedDeliveryDate` is required., dimensions: Path `dimensions` is required., weight: Path `weight` is required., destination: Path `destination` is required., origin: Path `origin` is required.
2025-03-26 14:16:47 [INFO] Shutting down server...
2025-03-26 14:16:54 [INFO] MONGO_URI:
2025-03-26 14:16:54 [INFO] Server running on port 5001
2025-03-26 14:16:57 [INFO] Connected to MongoDB
2025-03-26 14:18:38 [INFO] Registration attempt received:
2025-03-26 14:19:26 [ERROR] Error creating shipment: Shipment validation failed: senderContact: Sender contact is required, senderName: Sender name is required, carrier: Carrier is required, expectedDeliveryDate: Expected delivery date is required, dimensions: Dimensions are required, weight: Weight is required, destination: Destination is required, origin: Origin is required, trackingNumber: CMPR-87925957-957 is not a valid tracking number!, receiverContact: 213456789765432 is not a valid phone number!
2025-03-26 14:32:14 [INFO] Shutting down server...
2025-03-26 14:32:46 [INFO] MONGO_URI:
2025-03-26 14:32:46 [INFO] Server running on port 5001
2025-03-26 14:32:50 [INFO] Connected to MongoDB
2025-03-26 14:34:25 [INFO] Registration attempt received:
2025-03-26 14:35:21 [ERROR] Error creating shipment: Shipment validation failed: trackingNumber: CMPR-88874802-802 is not a valid tracking number!, dimensions: 10x15x5 is not valid dimensions format! Use LxWxH with unit (e.g., 20x30x15cm), senderContact: 123456786 is not a valid phone number!, receiverContact: 123456786 is not a valid phone number!
2025-03-26 14:35:31 [ERROR] Error creating shipment: Shipment validation failed: trackingNumber: CMPR-88874802-802 is not a valid tracking number!, dimensions: 10x15x5 is not valid dimensions format! Use LxWxH with unit (e.g., 20x30x15cm), senderContact: 123456786 is not a valid phone number!, receiverContact: 123456786 is not a valid phone number!
2025-03-26 14:36:12 [ERROR] Error creating shipment: Shipment validation failed: dimensions: 10x15x5 is not valid dimensions format! Use LxWxH with unit (e.g., 20x30x15cm)
2025-03-26 14:36:37 [ERROR] Error creating shipment: Shipment validation failed: dimensions: 10*15*5 is not valid dimensions format! Use LxWxH with unit (e.g., 20x30x15cm)
2025-03-26 14:36:43 [ERROR] Error creating shipment: Shipment validation failed: dimensions: 10*15*5 is not valid dimensions format! Use LxWxH with unit (e.g., 20x30x15cm)
2025-03-26 14:37:57 [ERROR] Error creating shipment: Shipment validation failed: dimensions: 10*15*5 is not valid dimensions format! Use LxWxH with unit (e.g., 20x30x15cm)
2025-03-26 14:42:19 [INFO] New shipment created: 12345678
2025-03-27 09:24:40 [INFO] Registration attempt received:
2025-03-27 09:36:52 [INFO] Shutting down server...
2025-03-27 09:37:01 [INFO] MONGO_URI:
2025-03-27 09:37:01 [INFO] Server running on port 5001
2025-03-27 09:37:08 [INFO] Connected to MongoDB
2025-03-27 09:43:05 [INFO] Registration attempt received:
2025-03-27 09:43:57 [WARN] Shipment not found for update: ObjectId("67e3e81b8680f11b77f484f9")
2025-03-27 09:44:03 [WARN] Shipment not found for update: ObjectId("67e3e81b8680f11b77f484f9")
2025-03-27 09:44:26 [WARN] Shipment not found for update: ObjectId("67e3e81b8680f11b77f484f9")
2025-03-27 09:56:38 [ERROR] Error creating shipment: Shipment validation failed: dimensions: 20x15x12 cm is not valid dimensions format! Use LxWxH with unit (e.g., 20x30x15cm)
2025-03-27 09:56:51 [INFO] New shipment created: 123456789765432
2025-03-27 09:57:10 [WARN] Shipment not found for update: ObjectId("67e4f6b277973f980c3a4e1a")
2025-03-27 10:07:09 [WARN] Shipment not found for update: ObjectId("67e4f6b277973f980c3a4e1a")
2025-03-27 11:02:54 [INFO] Registration attempt received:
2025-03-27 11:05:57 [INFO] New shipment created: 1234567890
2025-03-27 11:06:54 [WARN] Shipment not found for update: ObjectId("67e506e577973f980c3a4e31")
2025-03-27 11:09:22 [INFO] Shutting down server...
2025-03-27 11:10:07 [INFO] MONGO_URI:
2025-03-27 11:10:08 [INFO] Server running on port 5001
2025-03-27 11:10:11 [INFO] Connected to MongoDB
2025-03-27 15:21:40 [INFO] Shutting down server...
